WARNING 2026-03-09 19:36:31,672 views 11416 21532 farmer profile not found for user 11 - p2160961@gmail.com
WARNING 2026-03-09 19:36:34,656 views 12344 8532 farmer profile not found for user 11 - p2160961@gmail.com
WARNING 2026-03-09 20:08:07,628 views 16388 13664 farmer profile not found for user 11 - p2160961@gmail.com
WARNING 2026-03-09 20:08:07,710 views 16388 12520 farmer profile not found for user 11 - p2160961@gmail.com
WARNING 2026-03-09 20:08:21,331 views 16388 14044 farmer profile not found for user 11 - p2160961@gmail.com
WARNING 2026-03-09 20:08:21,696 views 16388 20172 farmer profile not found for user 11 - p2160961@gmail.com
WARNING 2026-03-09 20:14:33,882 views 16388 12188 farmer profile not found for user 11 - p2160961@gmail.com
WARNING 2026-03-09 20:14:33,948 views 16388 22472 farmer profile not found for user 11 - p2160961@gmail.com
WARNING 2026-03-09 20:14:48,274 views 16388 22716 farmer profile not found for user 11 - p2160961@gmail.com
WARNING 2026-03-09 20:14:48,641 views 16388 16868 farmer profile not found for user 11 - p2160961@gmail.com
WARNING 2026-03-09 20:14:56,483 views 16388 13852 farmer profile not found for user 11 - p2160961@gmail.com
WARNING 2026-03-09 20:14:56,590 views 16388 10504 farmer profile not found for user 11 - p2160961@gmail.com
WARNING 2026-03-09 20:14:56,850 views 16388 18760 farmer profile not found for user 11 - p2160961@gmail.com
WARNING 2026-03-09 20:17:21,869 views 16388 10520 farmer profile not found for user 11 - p2160961@gmail.com
WARNING 2026-03-09 20:17:21,961 views 16388 15164 farmer profile not found for user 11 - p2160961@gmail.com
WARNING 2026-03-09 20:17:22,250 views 16388 13500 farmer profile not found for user 11 - p2160961@gmail.com
WARNING 2026-03-09 20:17:44,676 views 16388 1324 farmer profile not found for user 11 - p2160961@gmail.com
WARNING 2026-03-09 20:17:44,904 views 16388 18624 farmer profile not found for user 11 - p2160961@gmail.com
WARNING 2026-03-09 20:17:45,046 views 16388 2700 farmer profile not found for user 11 - p2160961@gmail.com
WARNING 2026-03-09 20:19:46,850 views 16388 22128 farmer profile not found for user 11 - p2160961@gmail.com
WARNING 2026-03-09 20:19:47,038 views 16388 16552 farmer profile not found for user 11 - p2160961@gmail.com
WARNING 2026-03-09 20:19:47,431 views 16388 7552 farmer profile not found for user 11 - p2160961@gmail.com
WARNING 2026-03-09 21:09:54,564 views 4992 13656 farmer profile not found for user 6 - praveenff2005.23@gmail.com
WARNING 2026-03-09 21:09:55,044 views 4992 8860 farmer profile not found for user 6 - praveenff2005.23@gmail.com
WARNING 2026-03-09 21:12:12,126 views 4992 11676 farmer profile not found for user 11 - p2160961@gmail.com
WARNING 2026-03-09 21:12:12,493 views 4992 5068 farmer profile not found for user 11 - p2160961@gmail.com
WARNING 2026-03-09 21:15:52,585 views 23188 16104 farmer profile not found for user 11 - p2160961@gmail.com
WARNING 2026-03-09 21:15:52,648 views 23188 10016 farmer profile not found for user 11 - p2160961@gmail.com
WARNING 2026-03-09 21:16:02,747 views 23188 1448 farmer profile not found for user 11 - p2160961@gmail.com
WARNING 2026-03-09 21:16:03,115 views 23188 15220 farmer profile not found for user 11 - p2160961@gmail.com
WARNING 2026-03-09 22:35:42,735 views 22860 21860 farmer profile not found for user 11 - p2160961@gmail.com
WARNING 2026-03-09 22:35:42,848 views 22860 18072 farmer profile not found for user 11 - p2160961@gmail.com
ERROR 2026-03-13 11:33:47,149 views 105553 140256279000768 Failed to send email to praveen2005.21@gmail.com: emails/otp_verification.html
INFO 2026-03-13 11:33:47,161 views 105553 140256279000768 Notification created for user 1: OTP
INFO 2026-03-13 14:30:02,326 views 106320 139857616697024 Email sent to praveen2005.21@gmail.com: Uzhavar Neradi - Email Verification OTP
INFO 2026-03-13 14:30:02,336 views 106320 139857616697024 Notification created for user 2: OTP
ERROR 2026-03-13 14:30:29,093 views 106320 139857616697024 Failed to send email to praveen2005.21@gmail.com: emails/welcome.html
INFO 2026-03-13 14:30:29,099 views 106320 139857616697024 Notification created for user 2: WELCOME
INFO 2026-03-13 14:53:40,153 views 110894 139651362834112 Email sent to praveenff2005.23@gmail.com: Uzhavar Neradi - Email Verification OTP
INFO 2026-03-13 14:53:40,161 views 110894 139651362834112 Notification created for user 3: OTP
INFO 2026-03-13 14:54:15,788 views 110894 139651362834112 Email sent to praveenff2005.23@gmail.com: Welcome to Uzhavar Neradi!
INFO 2026-03-13 14:54:15,862 views 110894 139651362834112 Notification created for user 3: WELCOME
WARNING 2026-03-13 14:54:58,796 views 110894 139651362834112 farmer profile not found for user 3 - praveenff2005.23@gmail.com
WARNING 2026-03-13 14:54:58,799 views 110894 139651371226816 farmer profile not found for user 3 - praveenff2005.23@gmail.com
INFO 2026-03-14 05:52:06,547 signals 198650 139848067311296 New user created: 5 - praveen2005.19@gmail.com
INFO 2026-03-14 05:52:06,557 signals 198650 139848067311296 Default delivery profile created for user 5
INFO 2026-03-14 05:52:06,562 views 198650 139848067311296 Notification created for user 5: WELCOME
INFO 2026-03-14 05:52:13,750 views 198650 139848067311296 Email sent to praveen2005.19@gmail.com: Uzhavar Neradi - Email Verification OTP
INFO 2026-03-14 05:52:13,761 views 198650 139848067311296 Notification created for user 5: OTP
INFO 2026-03-14 05:52:36,172 views 198650 139848075704000 Email sent to praveen2005.19@gmail.com: Welcome to Uzhavar Neradi!
INFO 2026-03-14 05:52:36,244 views 198650 139848075704000 Notification created for user 5: WELCOME
